c:\users\cryst\onedrive\바탕 화면\2 semester\oop_244_ndd\oop244\ms5\project1\x64\debug\vc143.pdb
c:\users\cryst\onedrive\바탕 화면\2 semester\oop_244_ndd\oop244\ms5\project1\x64\debug\vc143.idb
c:\users\cryst\onedrive\바탕 화면\2 semester\oop_244_ndd\oop244\ms5\project1\x64\debug\utils.obj
c:\users\cryst\onedrive\바탕 화면\2 semester\oop_244_ndd\oop244\ms5\project1\x64\debug\posio.obj
c:\users\cryst\onedrive\바탕 화면\2 semester\oop_244_ndd\oop244\ms5\project1\x64\debug\posapp.obj
c:\users\cryst\onedrive\바탕 화면\2 semester\oop_244_ndd\oop244\ms5\project1\x64\debug\perishable.obj
c:\users\cryst\onedrive\바탕 화면\2 semester\oop_244_ndd\oop244\ms5\project1\x64\debug\nonperishable.obj
c:\users\cryst\onedrive\바탕 화면\2 semester\oop_244_ndd\oop244\ms5\project1\x64\debug\main.obj
c:\users\cryst\onedrive\바탕 화면\2 semester\oop_244_ndd\oop244\ms5\project1\x64\debug\item.obj
c:\users\cryst\onedrive\바탕 화면\2 semester\oop_244_ndd\oop244\ms5\project1\x64\debug\error.obj
c:\users\cryst\onedrive\바탕 화면\2 semester\oop_244_ndd\oop244\ms5\project1\x64\debug\date.obj
c:\users\cryst\onedrive\바탕 화면\2 semester\oop_244_ndd\oop244\ms5\project1\x64\debug\bill.obj
c:\users\cryst\onedrive\바탕 화면\2 semester\oop_244_ndd\oop244\ms5\project1\x64\debug\project1.exe
c:\users\cryst\onedrive\바탕 화면\2 semester\oop_244_ndd\oop244\ms5\project1\x64\debug\project1.ilk
c:\users\cryst\onedrive\바탕 화면\2 semester\oop_244_ndd\oop244\ms5\project1\x64\debug\project1.pdb
c:\users\cryst\onedrive\바탕 화면\2 semester\oop_244_ndd\oop244\ms5\project1\x64\debug\project1.tlog\cl.command.1.tlog
c:\users\cryst\onedrive\바탕 화면\2 semester\oop_244_ndd\oop244\ms5\project1\x64\debug\project1.tlog\cl.read.1.tlog
c:\users\cryst\onedrive\바탕 화면\2 semester\oop_244_ndd\oop244\ms5\project1\x64\debug\project1.tlog\cl.write.1.tlog
c:\users\cryst\onedrive\바탕 화면\2 semester\oop_244_ndd\oop244\ms5\project1\x64\debug\project1.tlog\link.command.1.tlog
c:\users\cryst\onedrive\바탕 화면\2 semester\oop_244_ndd\oop244\ms5\project1\x64\debug\project1.tlog\link.read.1.tlog
c:\users\cryst\onedrive\바탕 화면\2 semester\oop_244_ndd\oop244\ms5\project1\x64\debug\project1.tlog\link.write.1.tlog
